# JRE version: Java(TM) SE Runtime Environment (8.0_221-b11) (build 1.8.0_221-b11)
# Java VM: Java HotSpot(TM) 64-Bit Server VM (25.221-b11 mixed mode windows-amd64 compressed oops)
Heap:
 PSYoungGen      total 145920K, used 44759K [0x00000000d5d00000, 0x00000000df800000, 0x0000000100000000)
  eden space 133120K, 24% used [0x00000000d5d00000,0x00000000d7c39440,0x00000000ddf00000)
  from space 12800K, 99% used [0x00000000ddf00000,0x00000000deb7c968,0x00000000deb80000)
  to   space 12288K, 0% used [0x00000000dec00000,0x00000000dec00000,0x00000000df800000)
 ParOldGen       total 73216K, used 20636K [0x0000000081600000, 0x0000000085d80000, 0x00000000d5d00000)
  object space 73216K, 28% used [0x0000000081600000,0x0000000082a272a8,0x0000000085d80000)
 Metaspace       used 26851K, capacity 27588K, committed 27776K, reserved 1073152K
  class space    used 3152K, capacity 3376K, committed 3456K, reserved 1048576K
GC Heap History (10 events):
Event: 6.467 GC heap before
{Heap before GC invocations=6 (full 0):
 PSYoungGen      total 38400K, used 38368K [0x00000000d5d00000, 0x00000000db400000, 0x0000000100000000)
  eden space 33280K, 100% used [0x00000000d5d00000,0x00000000d7d80000,0x00000000d7d80000)
  from space 5120K, 99% used [0x00000000d7d80000,0x00000000d8278020,0x00000000d8280000)
  to   space 11264K, 0% used [0x00000000da900000,0x00000000da900000,0x00000000db400000)
 ParOldGen       total 87552K, used 13259K [0x0000000081600000, 0x0000000086b80000, 0x00000000d5d00000)
  object space 87552K, 15% used [0x0000000081600000,0x00000000822f2c58,0x0000000086b80000)
 Metaspace       used 19057K, capacity 19474K, committed 19712K, reserved 1067008K
  class space    used 2301K, capacity 2443K, committed 2560K, reserved 1048576K
Event: 6.495 GC heap after
Heap after GC invocations=6 (full 0):
 PSYoungGen      total 76800K, used 7840K [0x00000000d5d00000, 0x00000000db300000, 0x0000000100000000)
  eden space 66560K, 0% used [0x00000000d5d00000,0x00000000d5d00000,0x00000000d9e00000)
  from space 10240K, 76% used [0x00000000da900000,0x00000000db0a8020,0x00000000db300000)
  to   space 10752K, 0% used [0x00000000d9e00000,0x00000000d9e00000,0x00000000da880000)
 ParOldGen       total 87552K, used 13259K [0x0000000081600000, 0x0000000086b80000, 0x00000000d5d00000)
  object space 87552K, 15% used [0x0000000081600000,0x00000000822f2c58,0x0000000086b80000)
 Metaspace       used 19057K, capacity 19474K, committed 19712K, reserved 1067008K
  class space    used 2301K, capacity 2443K, committed 2560K, reserved 1048576K
}
Event: 8.321 GC heap before
{Heap before GC invocations=7 (full 0):
 PSYoungGen      total 76800K, used 74400K [0x00000000d5d00000, 0x00000000db300000, 0x0000000100000000)
  eden space 66560K, 100% used [0x00000000d5d00000,0x00000000d9e00000,0x00000000d9e00000)
  from space 10240K, 76% used [0x00000000da900000,0x00000000db0a8020,0x00000000db300000)
  to   space 10752K, 0% used [0x00000000d9e00000,0x00000000d9e00000,0x00000000da880000)
 ParOldGen       total 87552K, used 13259K [0x0000000081600000, 0x0000000086b80000, 0x00000000d5d00000)
  object space 87552K, 15% used [0x0000000081600000,0x00000000822f2c58,0x0000000086b80000)
 Metaspace       used 20516K, capacity 21140K, committed 21296K, reserved 1069056K
  class space    used 2439K, capacity 2654K, committed 2688K, reserved 1048576K
Event: 8.348 GC heap after
Heap after GC invocations=7 (full 0):
 PSYoungGen      total 77312K, used 10729K [0x00000000d5d00000, 0x00000000df900000, 0x0000000100000000)
  eden space 66560K, 0% used [0x00000000d5d00000,0x00000000d5d00000,0x00000000d9e00000)
  from space 10752K, 99% used [0x00000000d9e00000,0x00000000da87a5a0,0x00000000da880000)
  to   space 13312K, 0% used [0x00000000dec00000,0x00000000dec00000,0x00000000df900000)
 ParOldGen       total 87552K, used 15598K [0x0000000081600000, 0x0000000086b80000, 0x00000000d5d00000)
  object space 87552K, 17% used [0x0000000081600000,0x000000008253b800,0x0000000086b80000)
 Metaspace       used 20516K, capacity 21140K, committed 21296K, reserved 1069056K
  class space    used 2439K, capacity 2654K, committed 2688K, reserved 1048576K
}
Event: 9.252 GC heap before
{Heap before GC invocations=8 (full 0):
 PSYoungGen      total 77312K, used 25114K [0x00000000d5d00000, 0x00000000df900000, 0x0000000100000000)
  eden space 66560K, 21% used [0x00000000d5d00000,0x00000000d6b0c628,0x00000000d9e00000)
  from space 10752K, 99% used [0x00000000d9e00000,0x00000000da87a5a0,0x00000000da880000)
  to   space 13312K, 0% used [0x00000000dec00000,0x00000000dec00000,0x00000000df900000)
 ParOldGen       total 87552K, used 15598K [0x0000000081600000, 0x0000000086b80000, 0x00000000d5d00000)
  object space 87552K, 17% used [0x0000000081600000,0x000000008253b800,0x0000000086b80000)
 Metaspace       used 20576K, capacity 21210K, committed 21296K, reserved 1069056K
  class space    used 2439K, capacity 2655K, committed 2688K, reserved 1048576K
Event: 9.284 GC heap after
Heap after GC invocations=8 (full 0):
 PSYoungGen      total 145408K, used 8000K [0x00000000d5d00000, 0x00000000df800000, 0x0000000100000000)
  eden space 133120K, 0% used [0x00000000d5d00000,0x00000000d5d00000,0x00000000ddf00000)
  from space 12288K, 65% used [0x00000000dec00000,0x00000000df3d0000,0x00000000df800000)
  to   space 12800K, 0% used [0x00000000ddf00000,0x00000000ddf00000,0x00000000deb80000)
 ParOldGen       total 87552K, used 18254K [0x0000000081600000, 0x0000000086b80000, 0x00000000d5d00000)
  object space 87552K, 20% used [0x0000000081600000,0x00000000827d3800,0x0000000086b80000)
 Metaspace       used 20576K, capacity 21210K, committed 21296K, reserved 1069056K
  class space    used 2439K, capacity 2655K, committed 2688K, reserved 1048576K
}
Event: 9.284 GC heap before
{Heap before GC invocations=9 (full 1):
 PSYoungGen      total 145408K, used 8000K [0x00000000d5d00000, 0x00000000df800000, 0x0000000100000000)
  eden space 133120K, 0% used [0x00000000d5d00000,0x00000000d5d00000,0x00000000ddf00000)
  from space 12288K, 65% used [0x00000000dec00000,0x00000000df3d0000,0x00000000df800000)
  to   space 12800K, 0% used [0x00000000ddf00000,0x00000000ddf00000,0x00000000deb80000)
 ParOldGen       total 87552K, used 18254K [0x0000000081600000, 0x0000000086b80000, 0x00000000d5d00000)
  object space 87552K, 20% used [0x0000000081600000,0x00000000827d3800,0x0000000086b80000)
 Metaspace       used 20576K, capacity 21210K, committed 21296K, reserved 1069056K
  class space    used 2439K, capacity 2655K, committed 2688K, reserved 1048576K
Event: 9.510 GC heap after
Heap after GC invocations=9 (full 1):
 PSYoungGen      total 145408K, used 0K [0x00000000d5d00000, 0x00000000df800000, 0x0000000100000000)
  eden space 133120K, 0% used [0x00000000d5d00000,0x00000000d5d00000,0x00000000ddf00000)
  from space 12288K, 0% used [0x00000000dec00000,0x00000000dec00000,0x00000000df800000)
  to   space 12800K, 0% used [0x00000000ddf00000,0x00000000ddf00000,0x00000000deb80000)
 ParOldGen       total 73216K, used 19189K [0x0000000081600000, 0x0000000085d80000, 0x00000000d5d00000)
  object space 73216K, 26% used [0x0000000081600000,0x00000000828bd5e8,0x0000000085d80000)
 Metaspace       used 20576K, capacity 21210K, committed 21296K, reserved 1069056K
  class space    used 2439K, capacity 2655K, committed 2688K, reserved 1048576K
}
Event: 13.763 GC heap before
{Heap before GC invocations=10 (full 1):
 PSYoungGen      total 145408K, used 133120K [0x00000000d5d00000, 0x00000000df800000, 0x0000000100000000)
  eden space 133120K, 100% used [0x00000000d5d00000,0x00000000ddf00000,0x00000000ddf00000)
  from space 12288K, 0% used [0x00000000dec00000,0x00000000dec00000,0x00000000df800000)
  to   space 12800K, 0% used [0x00000000ddf00000,0x00000000ddf00000,0x00000000deb80000)
 ParOldGen       total 73216K, used 19189K [0x0000000081600000, 0x0000000085d80000, 0x00000000d5d00000)
  object space 73216K, 26% used [0x0000000081600000,0x00000000828bd5e8,0x0000000085d80000)
 Metaspace       used 26655K, capacity 27396K, committed 27520K, reserved 1073152K
  class space    used 3151K, capacity 3376K, committed 3456K, reserved 1048576K
Event: 13.788 GC heap after
Heap after GC invocations=10 (full 1):
 PSYoungGen      total 145920K, used 12786K [0x00000000d5d00000, 0x00000000df800000, 0x0000000100000000)
  eden space 133120K, 0% used [0x00000000d5d00000,0x00000000d5d00000,0x00000000ddf00000)
  from space 12800K, 99% used [0x00000000ddf00000,0x00000000deb7c968,0x00000000deb80000)
  to   space 12288K, 0% used [0x00000000dec00000,0x00000000dec00000,0x00000000df800000)
 ParOldGen       total 73216K, used 20636K [0x0000000081600000, 0x0000000085d80000, 0x00000000d5d00000)
  object space 73216K, 28% used [0x0000000081600000,0x0000000082a272a8,0x0000000085d80000)
 Metaspace       used 26655K, capacity 27396K, committed 27520K, reserved 1073152K
  class space    used 3151K, capacity 3376K, committed 3456K, reserved 1048576K
}

