# JRE version: Java(TM) SE Runtime Environment (8.0_221-b11) (build 1.8.0_221-b11)
# Java VM: Java HotSpot(TM) 64-Bit Server VM (25.221-b11 mixed mode windows-amd64 compressed oops)
Heap:
 PSYoungGen      total 71680K, used 25400K [0x00000000d5d00000, 0x00000000dd300000, 0x0000000100000000)
  eden space 66560K, 31% used [0x00000000d5d00000,0x00000000d71b91a8,0x00000000d9e00000)
  from space 5120K, 81% used [0x00000000d9e00000,0x00000000da214fb0,0x00000000da300000)
  to   space 8704K, 0% used [0x00000000dca80000,0x00000000dca80000,0x00000000dd300000)
 ParOldGen       total 58368K, used 7110K [0x0000000081600000, 0x0000000084f00000, 0x00000000d5d00000)
  object space 58368K, 12% used [0x0000000081600000,0x0000000081cf1818,0x0000000084f00000)
 Metaspace       used 25589K, capacity 26322K, committed 26624K, reserved 1073152K
  class space    used 3330K, capacity 3509K, committed 3584K, reserved 1048576K
GC Heap History (10 events):
Event: 1.877 GC heap before
{Heap before GC invocations=2 (full 0):
 PSYoungGen      total 38400K, used 37773K [0x00000000d5d00000, 0x00000000d8780000, 0x0000000100000000)
  eden space 33280K, 100% used [0x00000000d5d00000,0x00000000d7d80000,0x00000000d7d80000)
  from space 5120K, 87% used [0x00000000d7d80000,0x00000000d81e35f0,0x00000000d8280000)
  to   space 5120K, 0% used [0x00000000d8280000,0x00000000d8280000,0x00000000d8780000)
 ParOldGen       total 87552K, used 16K [0x0000000081600000, 0x0000000086b80000, 0x00000000d5d00000)
  object space 87552K, 0% used [0x0000000081600000,0x0000000081604000,0x0000000086b80000)
 Metaspace       used 14572K, capacity 14980K, committed 15232K, reserved 1062912K
  class space    used 1751K, capacity 1876K, committed 1920K, reserved 1048576K
Event: 1.891 GC heap after
Heap after GC invocations=2 (full 0):
 PSYoungGen      total 38400K, used 5092K [0x00000000d5d00000, 0x00000000da800000, 0x0000000100000000)
  eden space 33280K, 0% used [0x00000000d5d00000,0x00000000d5d00000,0x00000000d7d80000)
  from space 5120K, 99% used [0x00000000d8280000,0x00000000d8779300,0x00000000d8780000)
  to   space 5120K, 0% used [0x00000000d7d80000,0x00000000d7d80000,0x00000000d8280000)
 ParOldGen       total 87552K, used 559K [0x0000000081600000, 0x0000000086b80000, 0x00000000d5d00000)
  object space 87552K, 0% used [0x0000000081600000,0x000000008168bc60,0x0000000086b80000)
 Metaspace       used 14572K, capacity 14980K, committed 15232K, reserved 1062912K
  class space    used 1751K, capacity 1876K, committed 1920K, reserved 1048576K
}
Event: 2.373 GC heap before
{Heap before GC invocations=3 (full 0):
 PSYoungGen      total 38400K, used 38372K [0x00000000d5d00000, 0x00000000da800000, 0x0000000100000000)
  eden space 33280K, 100% used [0x00000000d5d00000,0x00000000d7d80000,0x00000000d7d80000)
  from space 5120K, 99% used [0x00000000d8280000,0x00000000d8779300,0x00000000d8780000)
  to   space 5120K, 0% used [0x00000000d7d80000,0x00000000d7d80000,0x00000000d8280000)
 ParOldGen       total 87552K, used 559K [0x0000000081600000, 0x0000000086b80000, 0x00000000d5d00000)
  object space 87552K, 0% used [0x0000000081600000,0x000000008168bc60,0x0000000086b80000)
 Metaspace       used 17983K, capacity 18514K, committed 18688K, reserved 1064960K
  class space    used 2324K, capacity 2477K, committed 2560K, reserved 1048576K
Event: 2.385 GC heap after
Heap after GC invocations=3 (full 0):
 PSYoungGen      total 38400K, used 5090K [0x00000000d5d00000, 0x00000000da800000, 0x0000000100000000)
  eden space 33280K, 0% used [0x00000000d5d00000,0x00000000d5d00000,0x00000000d7d80000)
  from space 5120K, 99% used [0x00000000d7d80000,0x00000000d8278a70,0x00000000d8280000)
  to   space 5120K, 0% used [0x00000000da300000,0x00000000da300000,0x00000000da800000)
 ParOldGen       total 87552K, used 2196K [0x0000000081600000, 0x0000000086b80000, 0x00000000d5d00000)
  object space 87552K, 2% used [0x0000000081600000,0x0000000081825108,0x0000000086b80000)
 Metaspace       used 17983K, capacity 18514K, committed 18688K, reserved 1064960K
  class space    used 2324K, capacity 2477K, committed 2560K, reserved 1048576K
}
Event: 2.732 GC heap before
{Heap before GC invocations=4 (full 0):
 PSYoungGen      total 38400K, used 36082K [0x00000000d5d00000, 0x00000000da800000, 0x0000000100000000)
  eden space 33280K, 93% used [0x00000000d5d00000,0x00000000d7b43e58,0x00000000d7d80000)
  from space 5120K, 99% used [0x00000000d7d80000,0x00000000d8278a70,0x00000000d8280000)
  to   space 5120K, 0% used [0x00000000da300000,0x00000000da300000,0x00000000da800000)
 ParOldGen       total 87552K, used 2196K [0x0000000081600000, 0x0000000086b80000, 0x00000000d5d00000)
  object space 87552K, 2% used [0x0000000081600000,0x0000000081825108,0x0000000086b80000)
 Metaspace       used 20629K, capacity 21226K, committed 21296K, reserved 1067008K
  class space    used 2730K, capacity 2901K, committed 2944K, reserved 1048576K
Event: 2.742 GC heap after
Heap after GC invocations=4 (full 0):
 PSYoungGen      total 71680K, used 5109K [0x00000000d5d00000, 0x00000000da800000, 0x0000000100000000)
  eden space 66560K, 0% used [0x00000000d5d00000,0x00000000d5d00000,0x00000000d9e00000)
  from space 5120K, 99% used [0x00000000da300000,0x00000000da7fd430,0x00000000da800000)
  to   space 5120K, 0% used [0x00000000d9e00000,0x00000000d9e00000,0x00000000da300000)
 ParOldGen       total 87552K, used 4440K [0x0000000081600000, 0x0000000086b80000, 0x00000000d5d00000)
  object space 87552K, 5% used [0x0000000081600000,0x0000000081a56278,0x0000000086b80000)
 Metaspace       used 20629K, capacity 21226K, committed 21296K, reserved 1067008K
  class space    used 2730K, capacity 2901K, committed 2944K, reserved 1048576K
}
Event: 2.742 GC heap before
{Heap before GC invocations=5 (full 1):
 PSYoungGen      total 71680K, used 5109K [0x00000000d5d00000, 0x00000000da800000, 0x0000000100000000)
  eden space 66560K, 0% used [0x00000000d5d00000,0x00000000d5d00000,0x00000000d9e00000)
  from space 5120K, 99% used [0x00000000da300000,0x00000000da7fd430,0x00000000da800000)
  to   space 5120K, 0% used [0x00000000d9e00000,0x00000000d9e00000,0x00000000da300000)
 ParOldGen       total 87552K, used 4440K [0x0000000081600000, 0x0000000086b80000, 0x00000000d5d00000)
  object space 87552K, 5% used [0x0000000081600000,0x0000000081a56278,0x0000000086b80000)
 Metaspace       used 20629K, capacity 21226K, committed 21296K, reserved 1067008K
  class space    used 2730K, capacity 2901K, committed 2944K, reserved 1048576K
Event: 2.784 GC heap after
Heap after GC invocations=5 (full 1):
 PSYoungGen      total 71680K, used 0K [0x00000000d5d00000, 0x00000000da800000, 0x0000000100000000)
  eden space 66560K, 0% used [0x00000000d5d00000,0x00000000d5d00000,0x00000000d9e00000)
  from space 5120K, 0% used [0x00000000da300000,0x00000000da300000,0x00000000da800000)
  to   space 5120K, 0% used [0x00000000d9e00000,0x00000000d9e00000,0x00000000da300000)
 ParOldGen       total 58368K, used 7110K [0x0000000081600000, 0x0000000084f00000, 0x00000000d5d00000)
  object space 58368K, 12% used [0x0000000081600000,0x0000000081cf1818,0x0000000084f00000)
 Metaspace       used 20629K, capacity 21226K, committed 21296K, reserved 1067008K
  class space    used 2730K, capacity 2901K, committed 2944K, reserved 1048576K
}
Event: 3.171 GC heap before
{Heap before GC invocations=6 (full 1):
 PSYoungGen      total 71680K, used 66560K [0x00000000d5d00000, 0x00000000da800000, 0x0000000100000000)
  eden space 66560K, 100% used [0x00000000d5d00000,0x00000000d9e00000,0x00000000d9e00000)
  from space 5120K, 0% used [0x00000000da300000,0x00000000da300000,0x00000000da800000)
  to   space 5120K, 0% used [0x00000000d9e00000,0x00000000d9e00000,0x00000000da300000)
 ParOldGen       total 58368K, used 7110K [0x0000000081600000, 0x0000000084f00000, 0x00000000d5d00000)
  object space 58368K, 12% used [0x0000000081600000,0x0000000081cf1818,0x0000000084f00000)
 Metaspace       used 24153K, capacity 24860K, committed 25088K, reserved 1071104K
  class space    used 3142K, capacity 3322K, committed 3328K, reserved 1048576K
Event: 3.178 GC heap after
Heap after GC invocations=6 (full 1):
 PSYoungGen      total 71680K, used 4179K [0x00000000d5d00000, 0x00000000dd300000, 0x0000000100000000)
  eden space 66560K, 0% used [0x00000000d5d00000,0x00000000d5d00000,0x00000000d9e00000)
  from space 5120K, 81% used [0x00000000d9e00000,0x00000000da214fb0,0x00000000da300000)
  to   space 8704K, 0% used [0x00000000dca80000,0x00000000dca80000,0x00000000dd300000)
 ParOldGen       total 58368K, used 7110K [0x0000000081600000, 0x0000000084f00000, 0x00000000d5d00000)
  object space 58368K, 12% used [0x0000000081600000,0x0000000081cf1818,0x0000000084f00000)
 Metaspace       used 24153K, capacity 24860K, committed 25088K, reserved 1071104K
  class space    used 3142K, capacity 3322K, committed 3328K, reserved 1048576K
}

