# JRE version: Java(TM) SE Runtime Environment (8.0_221-b11) (build 1.8.0_221-b11)
# Java VM: Java HotSpot(TM) 64-Bit Server VM (25.221-b11 mixed mode windows-amd64 compressed oops)
Heap:
 PSYoungGen      total 115712K, used 31666K [0x00000000d5d00000, 0x00000000dd600000, 0x0000000100000000)
  eden space 107520K, 29% used [0x00000000d5d00000,0x00000000d7beca08,0x00000000dc600000)
  from space 8192K, 0% used [0x00000000dc600000,0x00000000dc600000,0x00000000dce00000)
  to   space 7168K, 0% used [0x00000000dcf00000,0x00000000dcf00000,0x00000000dd600000)
 ParOldGen       total 84992K, used 19799K [0x0000000081600000, 0x0000000086900000, 0x00000000d5d00000)
  object space 84992K, 23% used [0x0000000081600000,0x0000000082955e80,0x0000000086900000)
 Metaspace       used 56837K, capacity 59332K, committed 59416K, reserved 1099776K
  class space    used 7790K, capacity 8218K, committed 8232K, reserved 1048576K
GC Heap History (10 events):
Event: 6.594 GC heap before
{Heap before GC invocations=10 (full 2):
 PSYoungGen      total 114688K, used 7140K [0x00000000d5d00000, 0x00000000dd600000, 0x0000000100000000)
  eden space 107520K, 0% used [0x00000000d5d00000,0x00000000d5d00000,0x00000000dc600000)
  from space 7168K, 99% used [0x00000000dcf00000,0x00000000dd5f9048,0x00000000dd600000)
  to   space 8192K, 0% used [0x00000000dc600000,0x00000000dc600000,0x00000000dce00000)
 ParOldGen       total 55296K, used 11362K [0x0000000081600000, 0x0000000084c00000, 0x00000000d5d00000)
  object space 55296K, 20% used [0x0000000081600000,0x00000000821189e8,0x0000000084c00000)
 Metaspace       used 34025K, capacity 35450K, committed 35496K, reserved 1079296K
  class space    used 4439K, capacity 4759K, committed 4776K, reserved 1048576K
Event: 6.700 GC heap after
Heap after GC invocations=10 (full 2):
 PSYoungGen      total 114688K, used 0K [0x00000000d5d00000, 0x00000000dd600000, 0x0000000100000000)
  eden space 107520K, 0% used [0x00000000d5d00000,0x00000000d5d00000,0x00000000dc600000)
  from space 7168K, 0% used [0x00000000dcf00000,0x00000000dcf00000,0x00000000dd600000)
  to   space 8192K, 0% used [0x00000000dc600000,0x00000000dc600000,0x00000000dce00000)
 ParOldGen       total 66560K, used 12671K [0x0000000081600000, 0x0000000085700000, 0x00000000d5d00000)
  object space 66560K, 19% used [0x0000000081600000,0x000000008225fc10,0x0000000085700000)
 Metaspace       used 34025K, capacity 35450K, committed 35496K, reserved 1079296K
  class space    used 4439K, capacity 4759K, committed 4776K, reserved 1048576K
}
Event: 9.649 GC heap before
{Heap before GC invocations=11 (full 2):
 PSYoungGen      total 114688K, used 107520K [0x00000000d5d00000, 0x00000000dd600000, 0x0000000100000000)
  eden space 107520K, 100% used [0x00000000d5d00000,0x00000000dc600000,0x00000000dc600000)
  from space 7168K, 0% used [0x00000000dcf00000,0x00000000dcf00000,0x00000000dd600000)
  to   space 8192K, 0% used [0x00000000dc600000,0x00000000dc600000,0x00000000dce00000)
 ParOldGen       total 66560K, used 12671K [0x0000000081600000, 0x0000000085700000, 0x00000000d5d00000)
  object space 66560K, 19% used [0x0000000081600000,0x000000008225fc10,0x0000000085700000)
 Metaspace       used 47189K, capacity 48756K, committed 49192K, reserved 1091584K
  class space    used 6277K, capacity 6594K, committed 6696K, reserved 1048576K
Event: 9.663 GC heap after
Heap after GC invocations=11 (full 2):
 PSYoungGen      total 115712K, used 8167K [0x00000000d5d00000, 0x00000000dd600000, 0x0000000100000000)
  eden space 107520K, 0% used [0x00000000d5d00000,0x00000000d5d00000,0x00000000dc600000)
  from space 8192K, 99% used [0x00000000dc600000,0x00000000dcdf9fa8,0x00000000dce00000)
  to   space 7168K, 0% used [0x00000000dcf00000,0x00000000dcf00000,0x00000000dd600000)
 ParOldGen       total 66560K, used 17833K [0x0000000081600000, 0x0000000085700000, 0x00000000d5d00000)
  object space 66560K, 26% used [0x0000000081600000,0x000000008276a700,0x0000000085700000)
 Metaspace       used 47189K, capacity 48756K, committed 49192K, reserved 1091584K
  class space    used 6277K, capacity 6594K, committed 6696K, reserved 1048576K
}
Event: 12.100 GC heap before
{Heap before GC invocations=12 (full 2):
 PSYoungGen      total 115712K, used 115687K [0x00000000d5d00000, 0x00000000dd600000, 0x0000000100000000)
  eden space 107520K, 100% used [0x00000000d5d00000,0x00000000dc600000,0x00000000dc600000)
  from space 8192K, 99% used [0x00000000dc600000,0x00000000dcdf9fa8,0x00000000dce00000)
  to   space 7168K, 0% used [0x00000000dcf00000,0x00000000dcf00000,0x00000000dd600000)
 ParOldGen       total 66560K, used 17833K [0x0000000081600000, 0x0000000085700000, 0x00000000d5d00000)
  object space 66560K, 26% used [0x0000000081600000,0x000000008276a700,0x0000000085700000)
 Metaspace       used 56491K, capacity 58978K, committed 59160K, reserved 1099776K
  class space    used 7727K, capacity 8173K, committed 8232K, reserved 1048576K
Event: 12.140 GC heap after
Heap after GC invocations=12 (full 2):
 PSYoungGen      total 114688K, used 7144K [0x00000000d5d00000, 0x00000000dd600000, 0x0000000100000000)
  eden space 107520K, 0% used [0x00000000d5d00000,0x00000000d5d00000,0x00000000dc600000)
  from space 7168K, 99% used [0x00000000dcf00000,0x00000000dd5fa050,0x00000000dd600000)
  to   space 8192K, 0% used [0x00000000dc600000,0x00000000dc600000,0x00000000dce00000)
 ParOldGen       total 66560K, used 25151K [0x0000000081600000, 0x0000000085700000, 0x00000000d5d00000)
  object space 66560K, 37% used [0x0000000081600000,0x0000000082e8ff88,0x0000000085700000)
 Metaspace       used 56491K, capacity 58978K, committed 59160K, reserved 1099776K
  class space    used 7727K, capacity 8173K, committed 8232K, reserved 1048576K
}
Event: 12.298 GC heap before
{Heap before GC invocations=13 (full 2):
 PSYoungGen      total 114688K, used 20510K [0x00000000d5d00000, 0x00000000dd600000, 0x0000000100000000)
  eden space 107520K, 12% used [0x00000000d5d00000,0x00000000d6a0d8e0,0x00000000dc600000)
  from space 7168K, 99% used [0x00000000dcf00000,0x00000000dd5fa050,0x00000000dd600000)
  to   space 8192K, 0% used [0x00000000dc600000,0x00000000dc600000,0x00000000dce00000)
 ParOldGen       total 66560K, used 25151K [0x0000000081600000, 0x0000000085700000, 0x00000000d5d00000)
  object space 66560K, 37% used [0x0000000081600000,0x0000000082e8ff88,0x0000000085700000)
 Metaspace       used 56624K, capacity 59048K, committed 59160K, reserved 1099776K
  class space    used 7743K, capacity 8174K, committed 8232K, reserved 1048576K
Event: 12.310 GC heap after
Heap after GC invocations=13 (full 2):
 PSYoungGen      total 115712K, used 608K [0x00000000d5d00000, 0x00000000dd600000, 0x0000000100000000)
  eden space 107520K, 0% used [0x00000000d5d00000,0x00000000d5d00000,0x00000000dc600000)
  from space 8192K, 7% used [0x00000000dc600000,0x00000000dc698000,0x00000000dce00000)
  to   space 7168K, 0% used [0x00000000dcf00000,0x00000000dcf00000,0x00000000dd600000)
 ParOldGen       total 66560K, used 32200K [0x0000000081600000, 0x0000000085700000, 0x00000000d5d00000)
  object space 66560K, 48% used [0x0000000081600000,0x0000000083572248,0x0000000085700000)
 Metaspace       used 56624K, capacity 59048K, committed 59160K, reserved 1099776K
  class space    used 7743K, capacity 8174K, committed 8232K, reserved 1048576K
}
Event: 12.310 GC heap before
{Heap before GC invocations=14 (full 3):
 PSYoungGen      total 115712K, used 608K [0x00000000d5d00000, 0x00000000dd600000, 0x0000000100000000)
  eden space 107520K, 0% used [0x00000000d5d00000,0x00000000d5d00000,0x00000000dc600000)
  from space 8192K, 7% used [0x00000000dc600000,0x00000000dc698000,0x00000000dce00000)
  to   space 7168K, 0% used [0x00000000dcf00000,0x00000000dcf00000,0x00000000dd600000)
 ParOldGen       total 66560K, used 32200K [0x0000000081600000, 0x0000000085700000, 0x00000000d5d00000)
  object space 66560K, 48% used [0x0000000081600000,0x0000000083572248,0x0000000085700000)
 Metaspace       used 56624K, capacity 59048K, committed 59160K, reserved 1099776K
  class space    used 7743K, capacity 8174K, committed 8232K, reserved 1048576K
Event: 12.551 GC heap after
Heap after GC invocations=14 (full 3):
 PSYoungGen      total 115712K, used 0K [0x00000000d5d00000, 0x00000000dd600000, 0x0000000100000000)
  eden space 107520K, 0% used [0x00000000d5d00000,0x00000000d5d00000,0x00000000dc600000)
  from space 8192K, 0% used [0x00000000dc600000,0x00000000dc600000,0x00000000dce00000)
  to   space 7168K, 0% used [0x00000000dcf00000,0x00000000dcf00000,0x00000000dd600000)
 ParOldGen       total 84992K, used 19799K [0x0000000081600000, 0x0000000086900000, 0x00000000d5d00000)
  object space 84992K, 23% used [0x0000000081600000,0x0000000082955e80,0x0000000086900000)
 Metaspace       used 56624K, capacity 59048K, committed 59160K, reserved 1099776K
  class space    used 7743K, capacity 8174K, committed 8232K, reserved 1048576K
}

