# JRE version: Java(TM) SE Runtime Environment (8.0_221-b11) (build 1.8.0_221-b11)
# Java VM: Java HotSpot(TM) 64-Bit Server VM (25.221-b11 mixed mode windows-amd64 compressed oops)
Heap:
 PSYoungGen      total 145920K, used 67816K [0x00000000d5d00000, 0x00000000e7900000, 0x0000000100000000)
  eden space 132608K, 51% used [0x00000000d5d00000,0x00000000d9f3a078,0x00000000dde80000)
  from space 13312K, 0% used [0x00000000dde80000,0x00000000dde80000,0x00000000deb80000)
  to   space 12800K, 0% used [0x00000000e6c80000,0x00000000e6c80000,0x00000000e7900000)
 ParOldGen       total 76800K, used 20915K [0x0000000081600000, 0x0000000086100000, 0x00000000d5d00000)
  object space 76800K, 27% used [0x0000000081600000,0x0000000082a6ced0,0x0000000086100000)
 Metaspace       used 22490K, capacity 23094K, committed 23216K, reserved 1069056K
  class space    used 2610K, capacity 2786K, committed 2816K, reserved 1048576K
GC Heap History (10 events):
Event: 3.321 GC heap before
{Heap before GC invocations=4 (full 0):
 PSYoungGen      total 38400K, used 38384K [0x00000000d5d00000, 0x00000000da800000, 0x0000000100000000)
  eden space 33280K, 100% used [0x00000000d5d00000,0x00000000d7d80000,0x00000000d7d80000)
  from space 5120K, 99% used [0x00000000d7d80000,0x00000000d827c030,0x00000000d8280000)
  to   space 5120K, 0% used [0x00000000da300000,0x00000000da300000,0x00000000da800000)
 ParOldGen       total 87552K, used 5931K [0x0000000081600000, 0x0000000086b80000, 0x00000000d5d00000)
  object space 87552K, 6% used [0x0000000081600000,0x0000000081bcafa8,0x0000000086b80000)
 Metaspace       used 18696K, capacity 19104K, committed 19328K, reserved 1067008K
  class space    used 2280K, capacity 2432K, committed 2432K, reserved 1048576K
Event: 3.336 GC heap after
Heap after GC invocations=4 (full 0):
 PSYoungGen      total 71680K, used 5088K [0x00000000d5d00000, 0x00000000da800000, 0x0000000100000000)
  eden space 66560K, 0% used [0x00000000d5d00000,0x00000000d5d00000,0x00000000d9e00000)
  from space 5120K, 99% used [0x00000000da300000,0x00000000da7f8020,0x00000000da800000)
  to   space 5120K, 0% used [0x00000000d9e00000,0x00000000d9e00000,0x00000000da300000)
 ParOldGen       total 87552K, used 9675K [0x0000000081600000, 0x0000000086b80000, 0x00000000d5d00000)
  object space 87552K, 11% used [0x0000000081600000,0x0000000081f72d90,0x0000000086b80000)
 Metaspace       used 18696K, capacity 19104K, committed 19328K, reserved 1067008K
  class space    used 2280K, capacity 2432K, committed 2432K, reserved 1048576K
}
Event: 4.061 GC heap before
{Heap before GC invocations=5 (full 0):
 PSYoungGen      total 71680K, used 71648K [0x00000000d5d00000, 0x00000000da800000, 0x0000000100000000)
  eden space 66560K, 100% used [0x00000000d5d00000,0x00000000d9e00000,0x00000000d9e00000)
  from space 5120K, 99% used [0x00000000da300000,0x00000000da7f8020,0x00000000da800000)
  to   space 5120K, 0% used [0x00000000d9e00000,0x00000000d9e00000,0x00000000da300000)
 ParOldGen       total 87552K, used 9675K [0x0000000081600000, 0x0000000086b80000, 0x00000000d5d00000)
  object space 87552K, 11% used [0x0000000081600000,0x0000000081f72d90,0x0000000086b80000)
 Metaspace       used 19054K, capacity 19490K, committed 19712K, reserved 1067008K
  class space    used 2301K, capacity 2443K, committed 2560K, reserved 1048576K
Event: 4.086 GC heap after
Heap after GC invocations=5 (full 0):
 PSYoungGen      total 71680K, used 5104K [0x00000000d5d00000, 0x00000000df800000, 0x0000000100000000)
  eden space 66560K, 0% used [0x00000000d5d00000,0x00000000d5d00000,0x00000000d9e00000)
  from space 5120K, 99% used [0x00000000d9e00000,0x00000000da2fc010,0x00000000da300000)
  to   space 12800K, 0% used [0x00000000deb80000,0x00000000deb80000,0x00000000df800000)
 ParOldGen       total 87552K, used 15589K [0x0000000081600000, 0x0000000086b80000, 0x00000000d5d00000)
  object space 87552K, 17% used [0x0000000081600000,0x0000000082539630,0x0000000086b80000)
 Metaspace       used 19054K, capacity 19490K, committed 19712K, reserved 1067008K
  class space    used 2301K, capacity 2443K, committed 2560K, reserved 1048576K
}
Event: 5.311 GC heap before
{Heap before GC invocations=6 (full 0):
 PSYoungGen      total 71680K, used 71664K [0x00000000d5d00000, 0x00000000df800000, 0x0000000100000000)
  eden space 66560K, 100% used [0x00000000d5d00000,0x00000000d9e00000,0x00000000d9e00000)
  from space 5120K, 99% used [0x00000000d9e00000,0x00000000da2fc010,0x00000000da300000)
  to   space 12800K, 0% used [0x00000000deb80000,0x00000000deb80000,0x00000000df800000)
 ParOldGen       total 87552K, used 15589K [0x0000000081600000, 0x0000000086b80000, 0x00000000d5d00000)
  object space 87552K, 17% used [0x0000000081600000,0x0000000082539630,0x0000000086b80000)
 Metaspace       used 20295K, capacity 20864K, committed 21120K, reserved 1067008K
  class space    used 2409K, capacity 2580K, committed 2688K, reserved 1048576K
Event: 5.331 GC heap after
Heap after GC invocations=6 (full 0):
 PSYoungGen      total 145408K, used 10425K [0x00000000d5d00000, 0x00000000df900000, 0x0000000100000000)
  eden space 132608K, 0% used [0x00000000d5d00000,0x00000000d5d00000,0x00000000dde80000)
  from space 12800K, 81% used [0x00000000deb80000,0x00000000df5ae5b0,0x00000000df800000)
  to   space 13312K, 0% used [0x00000000dde80000,0x00000000dde80000,0x00000000deb80000)
 ParOldGen       total 87552K, used 15597K [0x0000000081600000, 0x0000000086b80000, 0x00000000d5d00000)
  object space 87552K, 17% used [0x0000000081600000,0x000000008253b630,0x0000000086b80000)
 Metaspace       used 20295K, capacity 20864K, committed 21120K, reserved 1067008K
  class space    used 2409K, capacity 2580K, committed 2688K, reserved 1048576K
}
Event: 5.598 GC heap before
{Heap before GC invocations=7 (full 0):
 PSYoungGen      total 145408K, used 26176K [0x00000000d5d00000, 0x00000000df900000, 0x0000000100000000)
  eden space 132608K, 11% used [0x00000000d5d00000,0x00000000d6c61b10,0x00000000dde80000)
  from space 12800K, 81% used [0x00000000deb80000,0x00000000df5ae5b0,0x00000000df800000)
  to   space 13312K, 0% used [0x00000000dde80000,0x00000000dde80000,0x00000000deb80000)
 ParOldGen       total 87552K, used 15597K [0x0000000081600000, 0x0000000086b80000, 0x00000000d5d00000)
  object space 87552K, 17% used [0x0000000081600000,0x000000008253b630,0x0000000086b80000)
 Metaspace       used 20632K, capacity 21170K, committed 21296K, reserved 1069056K
  class space    used 2438K, capacity 2621K, committed 2688K, reserved 1048576K
Event: 5.622 GC heap after
Heap after GC invocations=7 (full 0):
 PSYoungGen      total 145920K, used 8224K [0x00000000d5d00000, 0x00000000e7900000, 0x0000000100000000)
  eden space 132608K, 0% used [0x00000000d5d00000,0x00000000d5d00000,0x00000000dde80000)
  from space 13312K, 61% used [0x00000000dde80000,0x00000000de6881b0,0x00000000deb80000)
  to   space 12800K, 0% used [0x00000000e6c80000,0x00000000e6c80000,0x00000000e7900000)
 ParOldGen       total 87552K, used 17617K [0x0000000081600000, 0x0000000086b80000, 0x00000000d5d00000)
  object space 87552K, 20% used [0x0000000081600000,0x0000000082734690,0x0000000086b80000)
 Metaspace       used 20632K, capacity 21170K, committed 21296K, reserved 1069056K
  class space    used 2438K, capacity 2621K, committed 2688K, reserved 1048576K
}
Event: 5.623 GC heap before
{Heap before GC invocations=8 (full 1):
 PSYoungGen      total 145920K, used 8224K [0x00000000d5d00000, 0x00000000e7900000, 0x0000000100000000)
  eden space 132608K, 0% used [0x00000000d5d00000,0x00000000d5d00000,0x00000000dde80000)
  from space 13312K, 61% used [0x00000000dde80000,0x00000000de6881b0,0x00000000deb80000)
  to   space 12800K, 0% used [0x00000000e6c80000,0x00000000e6c80000,0x00000000e7900000)
 ParOldGen       total 87552K, used 17617K [0x0000000081600000, 0x0000000086b80000, 0x00000000d5d00000)
  object space 87552K, 20% used [0x0000000081600000,0x0000000082734690,0x0000000086b80000)
 Metaspace       used 20632K, capacity 21170K, committed 21296K, reserved 1069056K
  class space    used 2438K, capacity 2621K, committed 2688K, reserved 1048576K
Event: 5.786 GC heap after
Heap after GC invocations=8 (full 1):
 PSYoungGen      total 145920K, used 0K [0x00000000d5d00000, 0x00000000e7900000, 0x0000000100000000)
  eden space 132608K, 0% used [0x00000000d5d00000,0x00000000d5d00000,0x00000000dde80000)
  from space 13312K, 0% used [0x00000000dde80000,0x00000000dde80000,0x00000000deb80000)
  to   space 12800K, 0% used [0x00000000e6c80000,0x00000000e6c80000,0x00000000e7900000)
 ParOldGen       total 76800K, used 20915K [0x0000000081600000, 0x0000000086100000, 0x00000000d5d00000)
  object space 76800K, 27% used [0x0000000081600000,0x0000000082a6ced0,0x0000000086100000)
 Metaspace       used 20632K, capacity 21170K, committed 21296K, reserved 1069056K
  class space    used 2438K, capacity 2621K, committed 2688K, reserved 1048576K
}

