# JRE version: Java(TM) SE Runtime Environment (8.0_221-b11) (build 1.8.0_221-b11)
# Java VM: Java HotSpot(TM) 64-Bit Server VM (25.221-b11 mixed mode windows-amd64 compressed oops)
Heap:
 PSYoungGen      total 164864K, used 90180K [0x00000000d5d00000, 0x00000000e1d00000, 0x0000000100000000)
  eden space 153088K, 58% used [0x00000000d5d00000,0x00000000db511048,0x00000000df280000)
  from space 11776K, 0% used [0x00000000df280000,0x00000000df280000,0x00000000dfe00000)
  to   space 12288K, 0% used [0x00000000e1100000,0x00000000e1100000,0x00000000e1d00000)
 ParOldGen       total 58368K, used 11238K [0x0000000081600000, 0x0000000084f00000, 0x00000000d5d00000)
  object space 58368K, 19% used [0x0000000081600000,0x00000000820f9910,0x0000000084f00000)
 Metaspace       used 43569K, capacity 44990K, committed 45352K, reserved 1091584K
  class space    used 5771K, capacity 6057K, committed 6192K, reserved 1048576K
GC Heap History (10 events):
Event: 6.648 GC heap before
{Heap before GC invocations=12 (full 3):
 PSYoungGen      total 164864K, used 3850K [0x00000000d5d00000, 0x00000000e2900000, 0x0000000100000000)
  eden space 154112K, 0% used [0x00000000d5d00000,0x00000000d5d00000,0x00000000df380000)
  from space 10752K, 35% used [0x00000000df380000,0x00000000df742b58,0x00000000dfe00000)
  to   space 10752K, 0% used [0x00000000dfe00000,0x00000000dfe00000,0x00000000e0880000)
 ParOldGen       total 58368K, used 12764K [0x0000000081600000, 0x0000000084f00000, 0x00000000d5d00000)
  object space 58368K, 21% used [0x0000000081600000,0x00000000822770c8,0x0000000084f00000)
 Metaspace       used 37957K, capacity 39340K, committed 39464K, reserved 1087488K
  class space    used 4845K, capacity 5114K, committed 5168K, reserved 1048576K
Event: 6.815 GC heap after
Heap after GC invocations=12 (full 3):
 PSYoungGen      total 164864K, used 0K [0x00000000d5d00000, 0x00000000e2900000, 0x0000000100000000)
  eden space 154112K, 0% used [0x00000000d5d00000,0x00000000d5d00000,0x00000000df380000)
  from space 10752K, 0% used [0x00000000df380000,0x00000000df380000,0x00000000dfe00000)
  to   space 10752K, 0% used [0x00000000dfe00000,0x00000000dfe00000,0x00000000e0880000)
 ParOldGen       total 58368K, used 16193K [0x0000000081600000, 0x0000000084f00000, 0x00000000d5d00000)
  object space 58368K, 27% used [0x0000000081600000,0x00000000825d04a0,0x0000000084f00000)
 Metaspace       used 37957K, capacity 39340K, committed 39464K, reserved 1085440K
  class space    used 4845K, capacity 5114K, committed 5168K, reserved 1048576K
}
Event: 6.907 GC heap before
{Heap before GC invocations=13 (full 3):
 PSYoungGen      total 164864K, used 5022K [0x00000000d5d00000, 0x00000000e2900000, 0x0000000100000000)
  eden space 154112K, 3% used [0x00000000d5d00000,0x00000000d61e78f0,0x00000000df380000)
  from space 10752K, 0% used [0x00000000df380000,0x00000000df380000,0x00000000dfe00000)
  to   space 10752K, 0% used [0x00000000dfe00000,0x00000000dfe00000,0x00000000e0880000)
 ParOldGen       total 58368K, used 16193K [0x0000000081600000, 0x0000000084f00000, 0x00000000d5d00000)
  object space 58368K, 27% used [0x0000000081600000,0x00000000825d04a0,0x0000000084f00000)
 Metaspace       used 38192K, capacity 39660K, committed 39848K, reserved 1089536K
  class space    used 4875K, capacity 5178K, committed 5296K, reserved 1048576K
Event: 6.910 GC heap after
Heap after GC invocations=13 (full 3):
 PSYoungGen      total 163840K, used 288K [0x00000000d5d00000, 0x00000000e2880000, 0x0000000100000000)
  eden space 153088K, 0% used [0x00000000d5d00000,0x00000000d5d00000,0x00000000df280000)
  from space 10752K, 2% used [0x00000000dfe00000,0x00000000dfe48000,0x00000000e0880000)
  to   space 11776K, 0% used [0x00000000df280000,0x00000000df280000,0x00000000dfe00000)
 ParOldGen       total 58368K, used 16193K [0x0000000081600000, 0x0000000084f00000, 0x00000000d5d00000)
  object space 58368K, 27% used [0x0000000081600000,0x00000000825d04a0,0x0000000084f00000)
 Metaspace       used 38192K, capacity 39660K, committed 39848K, reserved 1089536K
  class space    used 4875K, capacity 5178K, committed 5296K, reserved 1048576K
}
Event: 6.910 GC heap before
{Heap before GC invocations=14 (full 4):
 PSYoungGen      total 163840K, used 288K [0x00000000d5d00000, 0x00000000e2880000, 0x0000000100000000)
  eden space 153088K, 0% used [0x00000000d5d00000,0x00000000d5d00000,0x00000000df280000)
  from space 10752K, 2% used [0x00000000dfe00000,0x00000000dfe48000,0x00000000e0880000)
  to   space 11776K, 0% used [0x00000000df280000,0x00000000df280000,0x00000000dfe00000)
 ParOldGen       total 58368K, used 16193K [0x0000000081600000, 0x0000000084f00000, 0x00000000d5d00000)
  object space 58368K, 27% used [0x0000000081600000,0x00000000825d04a0,0x0000000084f00000)
 Metaspace       used 38192K, capacity 39660K, committed 39848K, reserved 1089536K
  class space    used 4875K, capacity 5178K, committed 5296K, reserved 1048576K
Event: 6.967 GC heap after
Heap after GC invocations=14 (full 4):
 PSYoungGen      total 163840K, used 0K [0x00000000d5d00000, 0x00000000e2880000, 0x0000000100000000)
  eden space 153088K, 0% used [0x00000000d5d00000,0x00000000d5d00000,0x00000000df280000)
  from space 10752K, 0% used [0x00000000dfe00000,0x00000000dfe00000,0x00000000e0880000)
  to   space 11776K, 0% used [0x00000000df280000,0x00000000df280000,0x00000000dfe00000)
 ParOldGen       total 58368K, used 13925K [0x0000000081600000, 0x0000000084f00000, 0x00000000d5d00000)
  object space 58368K, 23% used [0x0000000081600000,0x00000000823994c8,0x0000000084f00000)
 Metaspace       used 38192K, capacity 39660K, committed 39848K, reserved 1087488K
  class space    used 4875K, capacity 5178K, committed 5296K, reserved 1048576K
}
Event: 6.967 GC heap before
{Heap before GC invocations=15 (full 4):
 PSYoungGen      total 163840K, used 0K [0x00000000d5d00000, 0x00000000e2880000, 0x0000000100000000)
  eden space 153088K, 0% used [0x00000000d5d00000,0x00000000d5d00000,0x00000000df280000)
  from space 10752K, 0% used [0x00000000dfe00000,0x00000000dfe00000,0x00000000e0880000)
  to   space 11776K, 0% used [0x00000000df280000,0x00000000df280000,0x00000000dfe00000)
 ParOldGen       total 58368K, used 13925K [0x0000000081600000, 0x0000000084f00000, 0x00000000d5d00000)
  object space 58368K, 23% used [0x0000000081600000,0x00000000823994c8,0x0000000084f00000)
 Metaspace       used 38192K, capacity 39660K, committed 39848K, reserved 1091584K
  class space    used 4875K, capacity 5178K, committed 5296K, reserved 1048576K
Event: 6.968 GC heap after
Heap after GC invocations=15 (full 4):
 PSYoungGen      total 164864K, used 0K [0x00000000d5d00000, 0x00000000e1d00000, 0x0000000100000000)
  eden space 153088K, 0% used [0x00000000d5d00000,0x00000000d5d00000,0x00000000df280000)
  from space 11776K, 0% used [0x00000000df280000,0x00000000df280000,0x00000000dfe00000)
  to   space 12288K, 0% used [0x00000000e1100000,0x00000000e1100000,0x00000000e1d00000)
 ParOldGen       total 58368K, used 13925K [0x0000000081600000, 0x0000000084f00000, 0x00000000d5d00000)
  object space 58368K, 23% used [0x0000000081600000,0x00000000823994c8,0x0000000084f00000)
 Metaspace       used 38192K, capacity 39660K, committed 39848K, reserved 1091584K
  class space    used 4875K, capacity 5178K, committed 5296K, reserved 1048576K
}
Event: 6.968 GC heap before
{Heap before GC invocations=16 (full 5):
 PSYoungGen      total 164864K, used 0K [0x00000000d5d00000, 0x00000000e1d00000, 0x0000000100000000)
  eden space 153088K, 0% used [0x00000000d5d00000,0x00000000d5d00000,0x00000000df280000)
  from space 11776K, 0% used [0x00000000df280000,0x00000000df280000,0x00000000dfe00000)
  to   space 12288K, 0% used [0x00000000e1100000,0x00000000e1100000,0x00000000e1d00000)
 ParOldGen       total 58368K, used 13925K [0x0000000081600000, 0x0000000084f00000, 0x00000000d5d00000)
  object space 58368K, 23% used [0x0000000081600000,0x00000000823994c8,0x0000000084f00000)
 Metaspace       used 38192K, capacity 39660K, committed 39848K, reserved 1091584K
  class space    used 4875K, capacity 5178K, committed 5296K, reserved 1048576K
Event: 7.105 GC heap after
Heap after GC invocations=16 (full 5):
 PSYoungGen      total 164864K, used 0K [0x00000000d5d00000, 0x00000000e1d00000, 0x0000000100000000)
  eden space 153088K, 0% used [0x00000000d5d00000,0x00000000d5d00000,0x00000000df280000)
  from space 11776K, 0% used [0x00000000df280000,0x00000000df280000,0x00000000dfe00000)
  to   space 12288K, 0% used [0x00000000e1100000,0x00000000e1100000,0x00000000e1d00000)
 ParOldGen       total 58368K, used 11238K [0x0000000081600000, 0x0000000084f00000, 0x00000000d5d00000)
  object space 58368K, 19% used [0x0000000081600000,0x00000000820f9910,0x0000000084f00000)
 Metaspace       used 37980K, capacity 39322K, committed 39848K, reserved 1087488K
  class space    used 4842K, capacity 5117K, committed 5296K, reserved 1048576K
}

